c:\users\hellwire\desktop\nostalgia modpack 1.6\source code\manhunt2.xinput-master\release\manhunt2.xinput.pch
c:\users\hellwire\desktop\nostalgia modpack 1.6\source code\manhunt2.xinput-master\release\vc142.pdb
c:\users\hellwire\desktop\nostalgia modpack 1.6\source code\manhunt2.xinput-master\release\pch.obj
c:\users\hellwire\desktop\nostalgia modpack 1.6\source code\manhunt2.xinput-master\release\camerapatch.obj
c:\users\hellwire\desktop\nostalgia modpack 1.6\source code\manhunt2.xinput-master\release\cinput.obj
c:\users\hellwire\desktop\nostalgia modpack 1.6\source code\manhunt2.xinput-master\release\xinput.obj
c:\users\hellwire\desktop\nostalgia modpack 1.6\source code\manhunt2.xinput-master\release\dllmain.obj
c:\users\hellwire\desktop\nostalgia modpack 1.6\source code\manhunt2.xinput-master\release\manhunt2.xinput.asi
c:\users\hellwire\desktop\nostalgia modpack 1.6\source code\manhunt2.xinput-master\release\manhunt2.xinput.pdb
c:\users\hellwire\desktop\nostalgia modpack 1.6\source code\manhunt2.camerapatch\release\manhunt2.xinput.lib
c:\users\hellwire\desktop\nostalgia modpack 1.6\source code\manhunt2.camerapatch\release\manhunt2.xinput.exp
c:\users\hellwire\desktop\nostalgia modpack 1.6\source code\manhunt2.camerapatch\release\manhunt2.xinput.ipdb
c:\users\hellwire\desktop\nostalgia modpack 1.6\source code\manhunt2.camerapatch\release\manhunt2.xinput.iobj
c:\users\hellwire\desktop\nostalgia modpack 1.6\source code\manhunt2.xinput-master\release\manhunt2.xinput.lib
c:\users\hellwire\desktop\nostalgia modpack 1.6\source code\manhunt2.xinput-master\release\manhunt2.xinput.exp
c:\users\hellwire\desktop\nostalgia modpack 1.6\source code\manhunt2.xinput-master\release\manhunt2.xinput.ipdb
c:\users\hellwire\desktop\nostalgia modpack 1.6\source code\manhunt2.xinput-master\release\manhunt2.xinput.iobj
c:\users\hellwire\desktop\nostalgia modpack 1.6\source code\manhunt2.xinput-master\release\manhunt2.xinput.tlog\cl.command.1.tlog
c:\users\hellwire\desktop\nostalgia modpack 1.6\source code\manhunt2.xinput-master\release\manhunt2.xinput.tlog\cl.read.1.tlog
c:\users\hellwire\desktop\nostalgia modpack 1.6\source code\manhunt2.xinput-master\release\manhunt2.xinput.tlog\cl.write.1.tlog
c:\users\hellwire\desktop\nostalgia modpack 1.6\source code\manhunt2.xinput-master\release\manhunt2.xinput.tlog\link.command.1.tlog
c:\users\hellwire\desktop\nostalgia modpack 1.6\source code\manhunt2.xinput-master\release\manhunt2.xinput.tlog\link.read.1.tlog
c:\users\hellwire\desktop\nostalgia modpack 1.6\source code\manhunt2.xinput-master\release\manhunt2.xinput.tlog\link.write.1.tlog
c:\users\hellwire\desktop\nostalgia modpack 1.6\source code\manhunt2.xinput-master\release\manhunt2.xinput.tlog\manhunt2.xinput.write.1u.tlog
